La génération a démarré 01/07/2013 15:14:08.
     1>Projet "C:\Users\Killian\Desktop\programmeskinect2.0+arduino\kinectmaindroite_OK\projetKinect\projetKinect.vcxproj" sur le nœud 2 (build cible(s)).
     1>InitializeBuildStatus:
         Création de "Debug\projetKinect.unsuccessfulbuild", car "AlwaysCreate" a été spécifié.
       ClCompile:
         C:\Program Files (x86)\Microsoft Visual Studio 10.0\VC\bin\CL.exe /c /I"C:\Program Files\Microsoft SDKs\Kinect\v1.7\inc" /ZI /nologo /W3 /WX- /Od /Oy- /D WIN32 /D _DEBUG /D _CONSOLE /D _UNICODE /D UNICODE /Gm /EHsc /RTC1 /MDd /GS /fp:precise /Zc:wchar_t /Zc:forScope /Fo"Debug\\" /Fd"Debug\vc100.pdb" /Gd /TP /analyze- /errorReport:prompt projetKinect.cpp stdafx.cpp
         stdafx.cpp
         projetKinect.cpp
         Génération de code en cours...
       ManifestResourceCompile:
         C:\Program Files (x86)\Microsoft SDKs\Windows\v7.0A\bin\rc.exe /nologo /fo"Debug\projetKinect.exe.embed.manifest.res" Debug\projetKinect_manifest.rc 
       Link:
         C:\Program Files (x86)\Microsoft Visual Studio 10.0\VC\bin\link.exe /ERRORREPORT:PROMPT /OUT:"C:\Users\Killian\Desktop\programmeskinect2.0+arduino\kinectmaindroite_OK\Debug\projetKinect.exe" /INCREMENTAL /NOLOGO /LIBPATH:"C:\Program Files\Microsoft SDKs\Kinect\v1.7\lib\x86" "C:\Program Files\Microsoft SDKs\Kinect\v1.7\lib\x86\Kinect10.lib" kernel32.lib user32.lib gdi32.lib winspool.lib comdlg32.lib advapi32.lib shell32.lib ole32.lib oleaut32.lib uuid.lib odbc32.lib odbccp32.lib /MANIFEST /ManifestFile:"Debug\projetKinect.exe.intermediate.manifest" /MANIFESTUAC:"level='asInvoker' uiAccess='false'" /DEBUG /PDB:"C:\Users\Killian\Desktop\programmeskinect2.0+arduino\kinectmaindroite_OK\Debug\projetKinect.pdb" /SUBSYSTEM:CONSOLE /TLBID:1 /DYNAMICBASE /NXCOMPAT /IMPLIB:"C:\Users\Killian\Desktop\programmeskinect2.0+arduino\kinectmaindroite_OK\Debug\projetKinect.lib" /MACHINE:X86 Debug\projetKinect.exe.embed.manifest.res
         Debug\projetKinect.obj
         Debug\stdafx.obj
       Manifest:
         C:\Program Files (x86)\Microsoft SDKs\Windows\v7.0A\bin\mt.exe /nologo /verbose /out:"Debug\projetKinect.exe.embed.manifest" /manifest Debug\projetKinect.exe.intermediate.manifest
         Toutes les sorties sont à jour.
       LinkEmbedManifest:
         Toutes les sorties sont à jour.
         projetKinect.vcxproj -> C:\Users\Killian\Desktop\programmeskinect2.0+arduino\kinectmaindroite_OK\Debug\projetKinect.exe
       FinalizeBuildStatus:
         Suppression du fichier "Debug\projetKinect.unsuccessfulbuild".
         Mise à jour de l'horodatage "Debug\projetKinect.lastbuildstate".
     1>Génération du projet "C:\Users\Killian\Desktop\programmeskinect2.0+arduino\kinectmaindroite_OK\projetKinect\projetKinect.vcxproj" terminée (build cible(s)).

La génération a réussi.

Temps écoulé 00:00:04.18
